17:27:00 **** Incremental Build of configuration Release for project UsageEnvironment ****
make all 
make: Nothing to be done for 'all'.
17:27:00 **** Incremental Build of configuration Release for project groupsock ****
make all 
make: Nothing to be done for 'all'.
17:27:00 **** Incremental Build of configuration Release for project BasicUsageEnvironment ****
make all 
make: Nothing to be done for 'all'.
17:27:01 **** Incremental Build of configuration Release for project liveMedia ****
make all 
make: Nothing to be done for 'all'.
17:27:02 **** Incremental Build of configuration Debug for project ffmpegMediaServer ****
make all 
make: Nothing to be done for 'all'.
17:27:05 **** Incremental Build of configuration Release for project BasicUsageEnvironment ****
make all 
make: Nothing to be done for 'all'.
17:27:05 **** Incremental Build of configuration Release for project UsageEnvironment ****
make all 
make: Nothing to be done for 'all'.
17:27:06 **** Incremental Build of configuration Release for project liveMedia ****
make all 
make: Nothing to be done for 'all'.
17:27:07 **** Incremental Build of configuration Release for project groupsock ****
make all 
make: Nothing to be done for 'all'.
17:27:07 **** Incremental Build of configuration Debug for project ffmpegMediaServer ****
make all 
make: Nothing to be done for 'all'.
